<?xml version="1.0" encoding="UTF-8"?>
<!-- Generated by org.testng.reporters.JUnitReportReporter -->
<testsuite hostname="Vista-Ultimate" name="com.qtpselenium.facebook.pom.testcases.ProfileTest" tests="1" failures="0" timestamp="18 Feb 2017 06:40:42 GMT" time="96.145" errors="0">
  <testcase name="testProfile" time="96.145" classname="com.qtpselenium.facebook.pom.testcases.ProfileTest"/>
</testsuite> <!-- com.qtpselenium.facebook.pom.testcases.ProfileTest -->
